::1 - - [23/Jan/2022:01:10:36 +0000] "GET / HTTP/1.1" 404 139 "-" "Mozilla/5.0 (Windows NT 10.0; Win64; x64) AppleWebKit/537.36 (KHTML, like Gecko) Chrome/94.0.4606.61 Safari/537.36"
::1 - - [23/Jan/2022:01:40:49 +0000] "GET / HTTP/1.1" 404 139 "-" "Mozilla/5.0 (Windows NT 10.0; Win64; x64) AppleWebKit/537.36 (KHTML, like Gecko) Chrome/94.0.4606.61 Safari/537.36"
::1 - - [23/Jan/2022:01:40:55 +0000] "GET /admin HTTP/1.1" 301 177 "-" "Mozilla/5.0 (Windows NT 10.0; Win64; x64) AppleWebKit/537.36 (KHTML, like Gecko) Chrome/94.0.4606.61 Safari/537.36"
::1 - - [23/Jan/2022:01:40:55 +0000] "GET /admin/ HTTP/1.1" 404 145 "-" "Mozilla/5.0 (Windows NT 10.0; Win64; x64) AppleWebKit/537.36 (KHTML, like Gecko) Chrome/94.0.4606.61 Safari/537.36"
::1 - - [23/Jan/2022:01:56:00 +0000] "GET / HTTP/1.1" 404 139 "-" "Mozilla/5.0 (Windows NT 10.0; Win64; x64) AppleWebKit/537.36 (KHTML, like Gecko) Chrome/94.0.4606.61 Safari/537.36"
::1 - - [23/Jan/2022:01:56:05 +0000] "GET /admin/ HTTP/1.1" 200 11910 "-" "Mozilla/5.0 (Windows NT 10.0; Win64; x64) AppleWebKit/537.36 (KHTML, like Gecko) Chrome/94.0.4606.61 Safari/537.36"
::1 - - [23/Jan/2022:01:56:06 +0000] "GET /admin/frontend/assets/components.bundle.js HTTP/1.1" 200 423 "http://localhost:3001/admin/" "Mozilla/5.0 (Windows NT 10.0; Win64; x64) AppleWebKit/537.36 (KHTML, like Gecko) Chrome/94.0.4606.61 Safari/537.36"
::1 - - [23/Jan/2022:01:56:06 +0000] "GET /admin/frontend/assets/app.bundle.js HTTP/1.1" 200 2691573 "http://localhost:3001/admin/" "Mozilla/5.0 (Windows NT 10.0; Win64; x64) AppleWebKit/537.36 (KHTML, like Gecko) Chrome/94.0.4606.61 Safari/537.36"
::1 - - [23/Jan/2022:01:56:06 +0000] "GET /admin/frontend/assets/global.bundle.js HTTP/1.1" 200 9262933 "http://localhost:3001/admin/" "Mozilla/5.0 (Windows NT 10.0; Win64; x64) AppleWebKit/537.36 (KHTML, like Gecko) Chrome/94.0.4606.61 Safari/537.36"
::1 - - [23/Jan/2022:01:56:06 +0000] "GET /admin/frontend/assets/logo-mini.svg HTTP/1.1" 200 3327 "http://localhost:3001/admin/" "Mozilla/5.0 (Windows NT 10.0; Win64; x64) AppleWebKit/537.36 (KHTML, like Gecko) Chrome/94.0.4606.61 Safari/537.36"
::1 - - [23/Jan/2022:01:56:07 +0000] "GET /favicon.ico HTTP/1.1" 404 150 "http://localhost:3001/admin/" "Mozilla/5.0 (Windows NT 10.0; Win64; x64) AppleWebKit/537.36 (KHTML, like Gecko) Chrome/94.0.4606.61 Safari/537.36"
::1 - - [23/Jan/2022:01:56:10 +0000] "GET /admin/api/resources/Customer/actions/list HTTP/1.1" 200 89 "http://localhost:3001/admin/resources/Customer" "Mozilla/5.0 (Windows NT 10.0; Win64; x64) AppleWebKit/537.36 (KHTML, like Gecko) Chrome/94.0.4606.61 Safari/537.36"
::1 - - [23/Jan/2022:02:52:38 +0000] "GET /admin/resources/Customer HTTP/1.1" 200 11910 "-" "Mozilla/5.0 (Windows NT 10.0; Win64; x64) AppleWebKit/537.36 (KHTML, like Gecko) Chrome/94.0.4606.61 Safari/537.36"
::1 - - [23/Jan/2022:02:52:38 +0000] "GET /admin/frontend/assets/global.bundle.js HTTP/1.1" 304 - "http://localhost:3001/admin/resources/Customer" "Mozilla/5.0 (Windows NT 10.0; Win64; x64) AppleWebKit/537.36 (KHTML, like Gecko) Chrome/94.0.4606.61 Safari/537.36"
::1 - - [23/Jan/2022:02:52:38 +0000] "GET /admin/frontend/assets/app.bundle.js HTTP/1.1" 304 - "http://localhost:3001/admin/resources/Customer" "Mozilla/5.0 (Windows NT 10.0; Win64; x64) AppleWebKit/537.36 (KHTML, like Gecko) Chrome/94.0.4606.61 Safari/537.36"
::1 - - [23/Jan/2022:02:52:39 +0000] "GET /admin/frontend/assets/components.bundle.js HTTP/1.1" 304 - "http://localhost:3001/admin/resources/Customer" "Mozilla/5.0 (Windows NT 10.0; Win64; x64) AppleWebKit/537.36 (KHTML, like Gecko) Chrome/94.0.4606.61 Safari/537.36"
::1 - - [23/Jan/2022:02:52:39 +0000] "GET /admin/frontend/assets/logo-mini.svg HTTP/1.1" 304 - "http://localhost:3001/admin/resources/Customer" "Mozilla/5.0 (Windows NT 10.0; Win64; x64) AppleWebKit/537.36 (KHTML, like Gecko) Chrome/94.0.4606.61 Safari/537.36"
::1 - - [23/Jan/2022:02:52:39 +0000] "GET /admin/api/resources/Customer/actions/list HTTP/1.1" 304 - "http://localhost:3001/admin/resources/Customer" "Mozilla/5.0 (Windows NT 10.0; Win64; x64) AppleWebKit/537.36 (KHTML, like Gecko) Chrome/94.0.4606.61 Safari/537.36"
::1 - - [23/Jan/2022:02:52:51 +0000] "POST /admin/api/resources/Customer/actions/new HTTP/1.1" 200 1158 "http://localhost:3001/admin/resources/Customer/actions/new" "Mozilla/5.0 (Windows NT 10.0; Win64; x64) AppleWebKit/537.36 (KHTML, like Gecko) Chrome/94.0.4606.61 Safari/537.36"
::1 - - [23/Jan/2022:02:52:51 +0000] "GET /admin/api/resources/Customer/actions/list HTTP/1.1" 200 1120 "http://localhost:3001/admin/resources/Customer" "Mozilla/5.0 (Windows NT 10.0; Win64; x64) AppleWebKit/537.36 (KHTML, like Gecko) Chrome/94.0.4606.61 Safari/537.36"
::1 - - [23/Jan/2022:02:53:04 +0000] "POST /admin/api/resources/Customer/actions/new HTTP/1.1" 200 1158 "http://localhost:3001/admin/resources/Customer/actions/new" "Mozilla/5.0 (Windows NT 10.0; Win64; x64) AppleWebKit/537.36 (KHTML, like Gecko) Chrome/94.0.4606.61 Safari/537.36"
::1 - - [23/Jan/2022:02:53:05 +0000] "GET /admin/api/resources/Customer/actions/list HTTP/1.1" 200 2152 "http://localhost:3001/admin/resources/Customer" "Mozilla/5.0 (Windows NT 10.0; Win64; x64) AppleWebKit/537.36 (KHTML, like Gecko) Chrome/94.0.4606.61 Safari/537.36"
::1 - - [23/Jan/2022:03:11:19 +0000] "GET / HTTP/1.1" 404 139 "-" "Mozilla/5.0 (Windows NT 10.0; Win64; x64) AppleWebKit/537.36 (KHTML, like Gecko) Chrome/94.0.4606.61 Safari/537.36"
::1 - - [23/Jan/2022:03:15:17 +0000] "GET /graphql HTTP/1.1" 301 181 "-" "Mozilla/5.0 (Windows NT 10.0; Win64; x64) AppleWebKit/537.36 (KHTML, like Gecko) Chrome/94.0.4606.61 Safari/537.36"
::1 - - [23/Jan/2022:03:15:17 +0000] "GET /graphql/ HTTP/1.1" 404 147 "-" "Mozilla/5.0 (Windows NT 10.0; Win64; x64) AppleWebKit/537.36 (KHTML, like Gecko) Chrome/94.0.4606.61 Safari/537.36"
::1 - - [23/Jan/2022:03:15:33 +0000] "GET /graphql/ HTTP/1.1" 404 147 "-" "Mozilla/5.0 (Windows NT 10.0; Win64; x64) AppleWebKit/537.36 (KHTML, like Gecko) Chrome/94.0.4606.61 Safari/537.36"
::1 - - [23/Jan/2022:03:15:55 +0000] "GET /admin/ HTTP/1.1" 304 - "-" "Mozilla/5.0 (Windows NT 10.0; Win64; x64) AppleWebKit/537.36 (KHTML, like Gecko) Chrome/94.0.4606.61 Safari/537.36"
::1 - - [23/Jan/2022:03:15:55 +0000] "GET /admin/frontend/assets/global.bundle.js HTTP/1.1" 304 - "http://localhost:3001/admin/" "Mozilla/5.0 (Windows NT 10.0; Win64; x64) AppleWebKit/537.36 (KHTML, like Gecko) Chrome/94.0.4606.61 Safari/537.36"
::1 - - [23/Jan/2022:03:15:55 +0000] "GET /admin/frontend/assets/app.bundle.js HTTP/1.1" 304 - "http://localhost:3001/admin/" "Mozilla/5.0 (Windows NT 10.0; Win64; x64) AppleWebKit/537.36 (KHTML, like Gecko) Chrome/94.0.4606.61 Safari/537.36"
::1 - - [23/Jan/2022:03:15:55 +0000] "GET /admin/frontend/assets/components.bundle.js HTTP/1.1" 304 - "http://localhost:3001/admin/" "Mozilla/5.0 (Windows NT 10.0; Win64; x64) AppleWebKit/537.36 (KHTML, like Gecko) Chrome/94.0.4606.61 Safari/537.36"
::1 - - [23/Jan/2022:03:15:55 +0000] "GET /admin/frontend/assets/logo-mini.svg HTTP/1.1" 304 - "http://localhost:3001/admin/" "Mozilla/5.0 (Windows NT 10.0; Win64; x64) AppleWebKit/537.36 (KHTML, like Gecko) Chrome/94.0.4606.61 Safari/537.36"
::1 - - [23/Jan/2022:03:17:23 +0000] "GET /graphql/ HTTP/1.1" 200 3738 "-" "Mozilla/5.0 (Windows NT 10.0; Win64; x64) AppleWebKit/537.36 (KHTML, like Gecko) Chrome/94.0.4606.61 Safari/537.36"
::1 - - [23/Jan/2022:03:17:24 +0000] "POST /graphql/? HTTP/1.1" 200 16427 "http://localhost:3001/" "Mozilla/5.0 (Windows NT 10.0; Win64; x64) AppleWebKit/537.36 (KHTML, like Gecko) Chrome/94.0.4606.61 Safari/537.36"
::1 - - [23/Jan/2022:03:17:45 +0000] "POST /graphql/? HTTP/1.1" 400 100 "http://localhost:3001/" "Mozilla/5.0 (Windows NT 10.0; Win64; x64) AppleWebKit/537.36 (KHTML, like Gecko) Chrome/94.0.4606.61 Safari/537.36"
::1 - - [23/Jan/2022:03:17:52 +0000] "POST /graphql/? HTTP/1.1" 200 114 "http://localhost:3001/" "Mozilla/5.0 (Windows NT 10.0; Win64; x64) AppleWebKit/537.36 (KHTML, like Gecko) Chrome/94.0.4606.61 Safari/537.36"
::1 - - [23/Jan/2022:03:18:11 +0000] "POST /graphql/? HTTP/1.1" 200 114 "http://localhost:3001/" "Mozilla/5.0 (Windows NT 10.0; Win64; x64) AppleWebKit/537.36 (KHTML, like Gecko) Chrome/94.0.4606.61 Safari/537.36"
::1 - - [23/Jan/2022:03:18:12 +0000] "POST /graphql/? HTTP/1.1" 200 114 "http://localhost:3001/" "Mozilla/5.0 (Windows NT 10.0; Win64; x64) AppleWebKit/537.36 (KHTML, like Gecko) Chrome/94.0.4606.61 Safari/537.36"
::1 - - [23/Jan/2022:03:18:12 +0000] "POST /graphql/? HTTP/1.1" 200 114 "http://localhost:3001/" "Mozilla/5.0 (Windows NT 10.0; Win64; x64) AppleWebKit/537.36 (KHTML, like Gecko) Chrome/94.0.4606.61 Safari/537.36"
::1 - - [23/Jan/2022:03:18:13 +0000] "POST /graphql/? HTTP/1.1" 200 114 "http://localhost:3001/" "Mozilla/5.0 (Windows NT 10.0; Win64; x64) AppleWebKit/537.36 (KHTML, like Gecko) Chrome/94.0.4606.61 Safari/537.36"
::1 - - [23/Jan/2022:03:18:21 +0000] "POST /graphql/? HTTP/1.1" 200 106 "http://localhost:3001/" "Mozilla/5.0 (Windows NT 10.0; Win64; x64) AppleWebKit/537.36 (KHTML, like Gecko) Chrome/94.0.4606.61 Safari/537.36"
::1 - - [23/Jan/2022:03:18:26 +0000] "POST /graphql/? HTTP/1.1" 200 62 "http://localhost:3001/" "Mozilla/5.0 (Windows NT 10.0; Win64; x64) AppleWebKit/537.36 (KHTML, like Gecko) Chrome/94.0.4606.61 Safari/537.36"
::1 - - [23/Jan/2022:03:19:09 +0000] "POST /graphql/? HTTP/1.1" 200 201 "http://localhost:3001/" "Mozilla/5.0 (Windows NT 10.0; Win64; x64) AppleWebKit/537.36 (KHTML, like Gecko) Chrome/94.0.4606.61 Safari/537.36"
::1 - - [23/Jan/2022:03:19:23 +0000] "GET /admin/ HTTP/1.1" 304 - "-" "Mozilla/5.0 (Windows NT 10.0; Win64; x64) AppleWebKit/537.36 (KHTML, like Gecko) Chrome/94.0.4606.61 Safari/537.36"
::1 - - [23/Jan/2022:03:19:23 +0000] "GET /admin/frontend/assets/global.bundle.js HTTP/1.1" 304 - "http://localhost:3001/admin/" "Mozilla/5.0 (Windows NT 10.0; Win64; x64) AppleWebKit/537.36 (KHTML, like Gecko) Chrome/94.0.4606.61 Safari/537.36"
::1 - - [23/Jan/2022:03:19:23 +0000] "GET /admin/frontend/assets/app.bundle.js HTTP/1.1" 304 - "http://localhost:3001/admin/" "Mozilla/5.0 (Windows NT 10.0; Win64; x64) AppleWebKit/537.36 (KHTML, like Gecko) Chrome/94.0.4606.61 Safari/537.36"
::1 - - [23/Jan/2022:03:19:24 +0000] "GET /admin/frontend/assets/components.bundle.js HTTP/1.1" 304 - "http://localhost:3001/admin/" "Mozilla/5.0 (Windows NT 10.0; Win64; x64) AppleWebKit/537.36 (KHTML, like Gecko) Chrome/94.0.4606.61 Safari/537.36"
::1 - - [23/Jan/2022:03:19:25 +0000] "GET /admin/frontend/assets/logo-mini.svg HTTP/1.1" 304 - "http://localhost:3001/admin/" "Mozilla/5.0 (Windows NT 10.0; Win64; x64) AppleWebKit/537.36 (KHTML, like Gecko) Chrome/94.0.4606.61 Safari/537.36"
::1 - - [23/Jan/2022:03:19:28 +0000] "GET /admin/api/resources/Customer/actions/list HTTP/1.1" 304 - "http://localhost:3001/admin/resources/Customer" "Mozilla/5.0 (Windows NT 10.0; Win64; x64) AppleWebKit/537.36 (KHTML, like Gecko) Chrome/94.0.4606.61 Safari/537.36"
::1 - - [23/Jan/2022:03:19:30 +0000] "GET /admin/api/resources/Customer/records/61ecc310fb7983fede0c5122/show HTTP/1.1" 200 1042 "http://localhost:3001/admin/resources/Customer/records/61ecc310fb7983fede0c5122/show" "Mozilla/5.0 (Windows NT 10.0; Win64; x64) AppleWebKit/537.36 (KHTML, like Gecko) Chrome/94.0.4606.61 Safari/537.36"
::1 - - [23/Jan/2022:03:19:36 +0000] "POST /graphql/? HTTP/1.1" 200 40 "http://localhost:3001/" "Mozilla/5.0 (Windows NT 10.0; Win64; x64) AppleWebKit/537.36 (KHTML, like Gecko) Chrome/94.0.4606.61 Safari/537.36"
::1 - - [23/Jan/2022:03:19:42 +0000] "POST /graphql/? HTTP/1.1" 200 62 "http://localhost:3001/" "Mozilla/5.0 (Windows NT 10.0; Win64; x64) AppleWebKit/537.36 (KHTML, like Gecko) Chrome/94.0.4606.61 Safari/537.36"
